<?xml version="1.0" encoding="utf-8"?><testsuites name="pytest tests"><testsuite name="pytest" errors="0" failures="0" skipped="0" tests="24" time="4.894" timestamp="2026-07-21T11:47:33.422975+00:00" hostname="agent-env-c9fe6aff-82aa-4c22-adf7-9b92f789df54"><testcase classname="backend.tests.test_hmc_backend.TestAuth" name="test_root" time="0.149" /><testcase classname="backend.tests.test_hmc_backend.TestAuth" name="test_login_customer" time="0.283" /><testcase classname="backend.tests.test_hmc_backend.TestAuth" name="test_login_mechanic" time="0.267" /><testcase classname="backend.tests.test_hmc_backend.TestAuth" name="test_login_admin" time="0.268" /><testcase classname="backend.tests.test_hmc_backend.TestAuth" name="test_login_invalid" time="0.073" /><testcase classname="backend.tests.test_hmc_backend.TestAuth" name="test_me" time="0.052" /><testcase classname="backend.tests.test_hmc_backend.TestAuth" name="test_register_customer" time="0.268" /><testcase classname="backend.tests.test_hmc_backend.TestAuth" name="test_register_mechanic" time="0.267" /><testcase classname="backend.tests.test_hmc_backend.TestAuth" name="test_register_duplicate" time="0.045" /><testcase classname="backend.tests.test_hmc_backend.TestMechanics" name="test_nearby" time="0.051" /><testcase classname="backend.tests.test_hmc_backend.TestBookingFlow" name="test_create_booking" time="0.043" /><testcase classname="backend.tests.test_hmc_backend.TestBookingFlow" name="test_list_bookings" time="0.044" /><testcase classname="backend.tests.test_hmc_backend.TestBookingFlow" name="test_mechanic_accept" time="0.056" /><testcase classname="backend.tests.test_hmc_backend.TestBookingFlow" name="test_mechanic_start" time="0.048" /><testcase classname="backend.tests.test_hmc_backend.TestBookingFlow" name="test_get_booking_returns_otp_to_customer" time="0.044" /><testcase classname="backend.tests.test_hmc_backend.TestBookingFlow" name="test_complete_wrong_otp" time="0.045" /><testcase classname="backend.tests.test_hmc_backend.TestBookingFlow" name="test_complete_correct_otp" time="0.043" /><testcase classname="backend.tests.test_hmc_backend.TestBookingFlow" name="test_rate_booking" time="0.049" /><testcase classname="backend.tests.test_hmc_backend.TestAI" name="test_ai_chat_sync" time="2.501" /><testcase classname="backend.tests.test_hmc_backend.TestSOS" name="test_sos" time="0.048" /><testcase classname="backend.tests.test_hmc_backend.TestAdmin" name="test_admin_stats" time="0.051" /><testcase classname="backend.tests.test_hmc_backend.TestAdmin" name="test_admin_list_mechanics" time="0.049" /><testcase classname="backend.tests.test_hmc_backend.TestAdmin" name="test_admin_approve_mechanic" time="0.048" /><testcase classname="backend.tests.test_hmc_backend.TestAdmin" name="test_admin_stats_forbidden_for_customer" time="0.050" /></testsuite></testsuites>