<?xml version="1.0" encoding="utf-8"?><testsuites name="pytest tests"><testsuite name="pytest" errors="0" failures="0" skipped="0" tests="8" time="3.116" timestamp="2026-08-04T05:22:28.896500+00:00" hostname="agent-env-c9fe6aff-82aa-4c22-adf7-9b92f789df54"><testcase classname="tests.test_iter6_bike_service.TestLocationEndpoints" name="test_auth_location_200" time="0.438" /><testcase classname="tests.test_iter6_bike_service.TestLocationEndpoints" name="test_mechanic_updates_own_location_200" time="0.591" /><testcase classname="tests.test_iter6_bike_service.TestBikeServiceCategory" name="test_create_booking_bike_service_home_returns_price_799" time="0.193" /><testcase classname="tests.test_iter6_bike_service.TestBookingLifecycleRegression" name="test_full_lifecycle" time="0.722" /><testcase classname="tests.test_iter6_bike_service.TestStripeRegression" name="test_checkout_session_url" time="0.793" /><testcase classname="tests.test_iter6_bike_service.TestNotificationsRegression" name="test_bell_returns_list" time="0.093" /><testcase classname="tests.test_iter6_bike_service.TestNotificationsRegression" name="test_unread_count" time="0.093" /><testcase classname="tests.test_iter6_bike_service.TestNotificationsRegression" name="test_401_when_unauth" time="0.134" /></testsuite></testsuites>