<?xml version="1.0" encoding="utf-8"?><testsuites name="pytest tests"><testsuite name="pytest" errors="0" failures="0" skipped="0" tests="9" time="5.784" timestamp="2026-08-05T08:43:06.909506+00:00" hostname="agent-env-c9fe6aff-82aa-4c22-adf7-9b92f789df54"><testcase classname="backend.tests.test_iter9_wallet_txn_pay.TestPayFromWalletHappyPath" name="test_full_flow_pay_from_wallet" time="2.392" /><testcase classname="backend.tests.test_iter9_wallet_txn_pay.TestPayFromWalletHappyPath" name="test_already_paid_returns_400" time="0.131" /><testcase classname="backend.tests.test_iter9_wallet_txn_pay.TestPayWalletValidation" name="test_pay_wallet_on_accepted_booking_400" time="0.564" /><testcase classname="backend.tests.test_iter9_wallet_txn_pay.TestPayWalletValidation" name="test_insufficient_balance_400" time="1.422" /><testcase classname="backend.tests.test_iter9_wallet_txn_pay.TestPayWalletAuth" name="test_404_when_not_owner" time="0.503" /><testcase classname="backend.tests.test_iter9_wallet_txn_pay.TestPayWalletAuth" name="test_403_for_mechanic" time="0.199" /><testcase classname="backend.tests.test_iter9_wallet_txn_pay.TestPayWalletAuth" name="test_unauth_401_or_403" time="0.141" /><testcase classname="backend.tests.test_iter9_wallet_txn_pay.TestWalletTransactionsCredit" name="test_inserted_topup_shows_as_credit" time="0.141" /><testcase classname="backend.tests.test_iter9_wallet_txn_pay.TestWalletTransactionsCredit" name="test_transactions_unauth_403" time="0.152" /></testsuite></testsuites>