<?xml version="1.0" encoding="utf-8"?><testsuites name="pytest tests"><testsuite name="pytest" errors="0" failures="0" skipped="0" tests="17" time="4.864" timestamp="2026-08-04T05:48:35.522087+00:00" hostname="agent-env-c9fe6aff-82aa-4c22-adf7-9b92f789df54"><testcase classname="backend.tests.test_iter7_google_oauth.TestGoogleSessionContract" name="test_bogus_session_id_returns_401" time="0.640" /><testcase classname="backend.tests.test_iter7_google_oauth.TestGoogleSessionContract" name="test_missing_field_returns_422" time="0.131" /><testcase classname="backend.tests.test_iter7_google_oauth.TestGoogleSessionContract" name="test_empty_body_returns_422" time="0.090" /><testcase classname="backend.tests.test_iter7_google_oauth.TestLegacyAuth" name="test_customer_login_returns_jwt_and_user" time="0.351" /><testcase classname="backend.tests.test_iter7_google_oauth.TestLegacyAuth" name="test_me_with_legacy_jwt" time="0.099" /><testcase classname="backend.tests.test_iter7_google_oauth.TestLegacyAuth" name="test_me_with_bad_token" time="0.095" /><testcase classname="backend.tests.test_iter7_google_oauth.TestLegacyAuth" name="test_mechanic_login" time="0.496" /><testcase classname="backend.tests.test_iter7_google_oauth.TestLegacyAuth" name="test_admin_login" time="0.500" /><testcase classname="backend.tests.test_iter7_google_oauth.TestBookingLifecycle" name="test_full_lifecycle" time="0.760" /><testcase classname="backend.tests.test_iter7_google_oauth.TestNotifications" name="test_inbox" time="0.103" /><testcase classname="backend.tests.test_iter7_google_oauth.TestNotifications" name="test_unread_count" time="0.109" /><testcase classname="backend.tests.test_iter7_google_oauth.TestNotifications" name="test_unauthenticated_401" time="0.103" /><testcase classname="backend.tests.test_iter7_google_oauth.TestStripe" name="test_create_checkout_session" time="0.919" /><testcase classname="backend.tests.test_iter7_google_oauth.TestLogout" name="test_logout_with_legacy_jwt_is_noop_200" time="0.190" /><testcase classname="backend.tests.test_iter7_google_oauth.TestLogout" name="test_logout_without_auth_still_200" time="0.122" /><testcase classname="backend.tests.test_iter7_google_oauth.TestMongoIndexes" name="test_user_sessions_indexes" time="0.076" /><testcase classname="backend.tests.test_iter7_google_oauth.TestMongoIndexes" name="test_users_email_unique" time="0.003" /></testsuite></testsuites>