<?xml version="1.0" encoding="utf-8"?><testsuites name="pytest tests"><testsuite name="pytest" errors="0" failures="0" skipped="0" tests="14" time="5.099" timestamp="2026-08-05T08:26:09.797537+00:00" hostname="agent-env-c9fe6aff-82aa-4c22-adf7-9b92f789df54"><testcase classname="backend.tests.test_iter8_wallet_profile_settings.TestWalletTopUp" name="test_topup_valid_preset_500" time="0.926" /><testcase classname="backend.tests.test_iter8_wallet_profile_settings.TestWalletTopUp" name="test_topup_invalid_amount_750" time="0.146" /><testcase classname="backend.tests.test_iter8_wallet_profile_settings.TestWalletTopUp" name="test_topup_unauthenticated" time="0.138" /><testcase classname="backend.tests.test_iter8_wallet_profile_settings.TestWalletTopUp" name="test_topup_non_customer_403" time="0.515" /><testcase classname="backend.tests.test_iter8_wallet_profile_settings.TestPicture" name="test_valid_png_data_url" time="0.130" /><testcase classname="backend.tests.test_iter8_wallet_profile_settings.TestPicture" name="test_invalid_prefix_400" time="0.199" /><testcase classname="backend.tests.test_iter8_wallet_profile_settings.TestPicture" name="test_oversize_400" time="0.458" /><testcase classname="backend.tests.test_iter8_wallet_profile_settings.TestContacts" name="test_add_and_get" time="0.286" /><testcase classname="backend.tests.test_iter8_wallet_profile_settings.TestContacts" name="test_missing_name_400" time="0.158" /><testcase classname="backend.tests.test_iter8_wallet_profile_settings.TestContacts" name="test_delete_persists" time="0.295" /><testcase classname="backend.tests.test_iter8_wallet_profile_settings.TestVehicles" name="test_add_and_get" time="0.290" /><testcase classname="backend.tests.test_iter8_wallet_profile_settings.TestVehicles" name="test_missing_make_400" time="0.145" /><testcase classname="backend.tests.test_iter8_wallet_profile_settings.TestVehicles" name="test_delete_persists" time="0.293" /><testcase classname="backend.tests.test_iter8_wallet_profile_settings.TestBookingPaymentRegression" name="test_full_booking_checkout_kind" time="1.062" /></testsuite></testsuites>