<?xml version="1.0" encoding="utf-8"?><testsuites name="pytest tests"><testsuite name="pytest" errors="0" failures="0" skipped="0" tests="12" time="3.851" timestamp="2026-07-21T12:04:06.509507+00:00" hostname="agent-env-c9fe6aff-82aa-4c22-adf7-9b92f789df54"><testcase classname="backend.tests.test_iter4_photo_livelocation.TestPhotoAndMechanicLocation" name="test_00_logins" time="1.124" /><testcase classname="backend.tests.test_iter4_photo_livelocation.TestPhotoAndMechanicLocation" name="test_01_create_booking_with_photo" time="0.152" /><testcase classname="backend.tests.test_iter4_photo_livelocation.TestPhotoAndMechanicLocation" name="test_02_get_booking_returns_photo" time="0.111" /><testcase classname="backend.tests.test_iter4_photo_livelocation.TestPhotoAndMechanicLocation" name="test_03_mech_location_skipped_when_requested" time="0.130" /><testcase classname="backend.tests.test_iter4_photo_livelocation.TestPhotoAndMechanicLocation" name="test_04_accept_booking" time="0.111" /><testcase classname="backend.tests.test_iter4_photo_livelocation.TestPhotoAndMechanicLocation" name="test_05_push_location_updates_booking" time="0.386" /><testcase classname="backend.tests.test_iter4_photo_livelocation.TestPhotoAndMechanicLocation" name="test_06_simulation_suppressed_within_30s" time="1.192" /><testcase classname="backend.tests.test_iter4_photo_livelocation.TestPhotoAndMechanicLocation" name="test_07_other_mechanic_gets_404" time="0.095" /><testcase classname="backend.tests.test_iter4_photo_livelocation.TestPhotoAndMechanicLocation" name="test_08_customer_forbidden" time="0.093" /><testcase classname="backend.tests.test_iter4_photo_livelocation.TestPhotoAndMechanicLocation" name="test_09_within_50m_sets_arriving" time="0.103" /><testcase classname="backend.tests.test_iter4_photo_livelocation.TestPhotoAndMechanicLocation" name="test_10_skipped_when_completed" time="0.296" /><testcase classname="backend.tests.test_iter4_photo_livelocation.TestPhotoAndMechanicLocation" name="test_11_requested_status_returns_skipped" time="0.000" /></testsuite></testsuites>