<?xml version="1.0" encoding="utf-8"?><testsuites name="pytest tests"><testsuite name="pytest" errors="0" failures="0" skipped="0" tests="8" time="12.426" timestamp="2026-08-04T05:04:32.437798+00:00" hostname="agent-env-c9fe6aff-82aa-4c22-adf7-9b92f789df54"><testcase classname="backend.tests.test_notifications_arvik.TestNotificationsFlow" name="test_full_lifecycle_and_endpoints" time="4.630" /><testcase classname="backend.tests.test_notifications_arvik.TestNotificationsFlow" name="test_unauth_401" time="0.423" /><testcase classname="backend.tests.test_notifications_arvik.TestNotificationsFlow" name="test_offline_mechanic_no_notif" time="1.731" /><testcase classname="backend.tests.test_notifications_arvik.TestRegression" name="test_login_all_roles" time="0.964" /><testcase classname="backend.tests.test_notifications_arvik.TestRegression" name="test_booking_full_lifecycle_and_rate" time="1.335" /><testcase classname="backend.tests.test_notifications_arvik.TestRegression" name="test_stripe_checkout_url" time="1.539" /><testcase classname="backend.tests.test_notifications_arvik.TestRegression" name="test_mechanic_location_endpoint_200" time="1.046" /><testcase classname="backend.tests.test_notifications_arvik.TestRegression" name="test_photo_attachment_persists" time="0.638" /></testsuite></testsuites>