<?xml version="1.0" encoding="utf-8"?><testsuites name="pytest tests"><testsuite name="pytest" errors="0" failures="0" skipped="0" tests="9" time="2.528" timestamp="2026-07-21T11:47:25.287925+00:00" hostname="agent-env-c9fe6aff-82aa-4c22-adf7-9b92f789df54"><testcase classname="backend.tests.test_new_features.TestLiveLocation" name="test_login_and_update_location" time="0.525" /><testcase classname="backend.tests.test_new_features.TestLiveLocation" name="test_me_reflects_updated_location" time="0.041" /><testcase classname="backend.tests.test_new_features.TestLiveLocation" name="test_location_requires_auth" time="0.040" /><testcase classname="backend.tests.test_new_features.TestStripeCheckout" name="test_setup_completed_booking" time="0.725" /><testcase classname="backend.tests.test_new_features.TestStripeCheckout" name="test_create_checkout_session" time="0.631" /><testcase classname="backend.tests.test_new_features.TestStripeCheckout" name="test_checkout_status_unpaid" time="0.366" /><testcase classname="backend.tests.test_new_features.TestStripeCheckout" name="test_create_checkout_requires_customer_role" time="0.037" /><testcase classname="backend.tests.test_new_features.TestStripeCheckout" name="test_create_checkout_invalid_booking" time="0.066" /><testcase classname="backend.tests.test_new_features.TestStripeCheckout" name="test_status_unknown_session" time="0.038" /></testsuite></testsuites>